<?xml version="1.0" encoding="UTF-8"?>
<!-- Generated by org.testng.reporters.JUnitReportReporter -->
<testsuite hostname="vamsis-MacBook-Pro.local" failures="0" tests="1" name="learning.November.Newtesting" time="0.531" errors="0" timestamp="2019-11-24T12:29:34 EST" skipped="0">
  <testcase classname="learning.November.Newtesting" name="mobiletesting" time="0.531"/>
</testsuite> <!-- learning.November.Newtesting -->
