<?xml version="1.0" encoding="UTF-8"?>
<!-- Generated by org.testng.reporters.JUnitReportReporter -->
<testsuite hostname="vamsis-MacBook-Pro.local" failures="0" tests="2" name="Examples" time="0.023" errors="0" timestamp="2019-11-21T08:57:29 EST" skipped="0">
  <testcase classname="Examples" name="vyshu" time="0.006"/>
  <testcase classname="Examples" name="drop" time="0.017"/>
</testsuite> <!-- Examples -->
